[INFO]-[2020/04/15 08:39:06] Cloning: -consulting's clone job's data is not in database, generating data
[INFO]-[2020/04/15 08:39:06] Cloning: -consulting's clone job's data is not in database, generating data
[INFO]-[2020/04/15 08:39:07] DB Copy: Creating table wpstg0_commentmeta
[INFO]-[2020/04/15 08:39:07] DB Copy: Creating table wpstg0_commentmeta
[INFO]-[2020/04/15 08:39:08] DB Copy: Creating table wpstg0_comments
[INFO]-[2020/04/15 08:39:08] DB Copy: wp_comments as wpstg0_comments from 0 to 10000 records
[INFO]-[2020/04/15 08:39:08] DB Copy: Creating table wpstg0_comments
[INFO]-[2020/04/15 08:39:08] DB Copy: wp_comments as wpstg0_comments from 0 to 10000 records
[INFO]-[2020/04/15 08:39:08] DB Copy: Creating table wpstg0_links
[INFO]-[2020/04/15 08:39:08] DB Copy: Creating table wpstg0_links
[INFO]-[2020/04/15 08:39:09] DB Copy: Creating table wpstg0_options
[INFO]-[2020/04/15 08:39:09] DB Copy: wp_options as wpstg0_options from 0 to 10000 records
[INFO]-[2020/04/15 08:39:09] DB Copy: Creating table wpstg0_options
[INFO]-[2020/04/15 08:39:09] DB Copy: wp_options as wpstg0_options from 0 to 10000 records
[INFO]-[2020/04/15 08:39:10] DB Copy: Creating table wpstg0_postmeta
[INFO]-[2020/04/15 08:39:10] DB Copy: wp_postmeta as wpstg0_postmeta from 0 to 10000 records
[INFO]-[2020/04/15 08:39:10] DB Copy: Creating table wpstg0_postmeta
[INFO]-[2020/04/15 08:39:10] DB Copy: wp_postmeta as wpstg0_postmeta from 0 to 10000 records
[INFO]-[2020/04/15 08:39:10] DB Copy: Creating table wpstg0_posts
[INFO]-[2020/04/15 08:39:10] DB Copy: wp_posts as wpstg0_posts from 0 to 10000 records
[INFO]-[2020/04/15 08:39:10] DB Copy: Creating table wpstg0_posts
[INFO]-[2020/04/15 08:39:10] DB Copy: wp_posts as wpstg0_posts from 0 to 10000 records
[INFO]-[2020/04/15 08:39:11] DB Copy: Creating table wpstg0_term_relationships
[INFO]-[2020/04/15 08:39:11] DB Copy: wp_term_relationships as wpstg0_term_relationships from 0 to 10000 records
[INFO]-[2020/04/15 08:39:11] DB Copy: Creating table wpstg0_term_relationships
[INFO]-[2020/04/15 08:39:11] DB Copy: wp_term_relationships as wpstg0_term_relationships from 0 to 10000 records
[INFO]-[2020/04/15 08:39:11] DB Copy: Creating table wpstg0_term_taxonomy
[INFO]-[2020/04/15 08:39:11] DB Copy: wp_term_taxonomy as wpstg0_term_taxonomy from 0 to 10000 records
[INFO]-[2020/04/15 08:39:11] DB Copy: Creating table wpstg0_term_taxonomy
[INFO]-[2020/04/15 08:39:11] DB Copy: wp_term_taxonomy as wpstg0_term_taxonomy from 0 to 10000 records
[INFO]-[2020/04/15 08:39:12] DB Copy: Creating table wpstg0_termmeta
[INFO]-[2020/04/15 08:39:12] DB Copy: Creating table wpstg0_termmeta
[INFO]-[2020/04/15 08:39:13] DB Copy: Creating table wpstg0_terms
[INFO]-[2020/04/15 08:39:13] DB Copy: wp_terms as wpstg0_terms from 0 to 10000 records
[INFO]-[2020/04/15 08:39:13] DB Copy: Creating table wpstg0_terms
[INFO]-[2020/04/15 08:39:13] DB Copy: wp_terms as wpstg0_terms from 0 to 10000 records
[INFO]-[2020/04/15 08:39:13] DB Copy: Creating table wpstg0_usermeta
[INFO]-[2020/04/15 08:39:13] DB Copy: wp_usermeta as wpstg0_usermeta from 0 to 10000 records
[INFO]-[2020/04/15 08:39:13] DB Copy: Creating table wpstg0_usermeta
[INFO]-[2020/04/15 08:39:13] DB Copy: wp_usermeta as wpstg0_usermeta from 0 to 10000 records
[INFO]-[2020/04/15 08:39:15] DB Copy: Creating table wpstg0_users
[INFO]-[2020/04/15 08:39:15] DB Copy: wp_users as wpstg0_users from 0 to 10000 records
[INFO]-[2020/04/15 08:39:15] DB Copy: Creating table wpstg0_users
[INFO]-[2020/04/15 08:39:15] DB Copy: wp_users as wpstg0_users from 0 to 10000 records
[INFO]-[2020/04/15 08:39:16] DB Copy: Creating table wpstg0_wpfm_backup
[INFO]-[2020/04/15 08:39:16] DB Copy: Creating table wpstg0_wpfm_backup
[INFO]-[2020/04/15 08:39:17] DB Copy: Creating table wpstg0_xyz_ips_short_code
[INFO]-[2020/04/15 08:39:17] DB Copy: Creating table wpstg0_xyz_ips_short_code
[]-[] 
[]-[] 
[]-[] 
[]-[] 
[INFO]-[2020/04/15 08:39:20] DB Search & Replace:  Table wpstg0_comments 0 to 5000 records
[INFO]-[2020/04/15 08:39:20] DB Search & Replace:  Table wpstg0_comments 0 to 5000 records
[]-[] 
[]-[] 
[INFO]-[2020/04/15 08:39:23] DB Search & Replace:  Table wpstg0_options 0 to 5000 records
[INFO]-[2020/04/15 08:39:23] DB Search & Replace:  Table wpstg0_options 0 to 5000 records
[INFO]-[2020/04/15 08:39:24] DB Search & Replace:  Table wpstg0_postmeta 0 to 5000 records
[INFO]-[2020/04/15 08:39:24] DB Search & Replace:  Table wpstg0_postmeta 0 to 5000 records
[INFO]-[2020/04/15 08:39:25] DB Search & Replace:  Table wpstg0_posts 0 to 5000 records
[INFO]-[2020/04/15 08:39:25] DB Search & Replace:  Table wpstg0_posts 0 to 5000 records
[INFO]-[2020/04/15 08:39:26] DB Search & Replace:  Table wpstg0_term_relationships 0 to 5000 records
[INFO]-[2020/04/15 08:39:26] DB Search & Replace:  Table wpstg0_term_relationships 0 to 5000 records
[INFO]-[2020/04/15 08:39:27] DB Search & Replace:  Table wpstg0_term_taxonomy 0 to 5000 records
[INFO]-[2020/04/15 08:39:27] DB Search & Replace:  Table wpstg0_term_taxonomy 0 to 5000 records
[]-[] 
[]-[] 
[INFO]-[2020/04/15 08:39:29] DB Search & Replace:  Table wpstg0_terms 0 to 5000 records
[INFO]-[2020/04/15 08:39:29] DB Search & Replace:  Table wpstg0_terms 0 to 5000 records
[INFO]-[2020/04/15 08:39:30] DB Search & Replace:  Table wpstg0_usermeta 0 to 5000 records
[INFO]-[2020/04/15 08:39:30] DB Search & Replace:  Table wpstg0_usermeta 0 to 5000 records
[INFO]-[2020/04/15 08:39:31] DB Search & Replace:  Table wpstg0_users 0 to 5000 records
[INFO]-[2020/04/15 08:39:31] DB Search & Replace:  Table wpstg0_users 0 to 5000 records
[]-[] 
[]-[] 
[]-[] 
[]-[] 
[]-[] 
[]-[] 
[INFO]-[2020/04/15 08:39:35] Scanning / for files
[INFO]-[2020/04/15 08:39:35] Scanning / for files
[INFO]-[2020/04/15 08:39:36] Scanning wp-content folder /var/www/html/wordpress/wp-content
[INFO]-[2020/04/15 08:39:36] Scanning wp-content folder /var/www/html/wordpress/wp-content
[INFO]-[2020/04/15 08:39:38] Scanning /wp-includes for its sub-directories and files
[INFO]-[2020/04/15 08:39:38] Scanning /wp-includes for its sub-directories and files
[INFO]-[2020/04/15 08:39:39] Scanning /wp-admin for its sub-directories and files
[INFO]-[2020/04/15 08:39:39] Scanning /wp-admin for its sub-directories and files
[INFO]-[2020/04/15 08:39:41] Copying files...
[INFO]-[2020/04/15 08:39:41] Total 50 files processed
[INFO]-[2020/04/15 08:39:41] Copying files...
[INFO]-[2020/04/15 08:39:41] Total 50 files processed
[INFO]-[2020/04/15 08:39:41] Total 100 files processed
[INFO]-[2020/04/15 08:39:41] Total 100 files processed
[INFO]-[2020/04/15 08:39:42] Total 150 files processed
[INFO]-[2020/04/15 08:39:42] Total 150 files processed
[INFO]-[2020/04/15 08:39:43] Total 200 files processed
[INFO]-[2020/04/15 08:39:43] Total 200 files processed
[INFO]-[2020/04/15 08:39:44] Total 250 files processed
[INFO]-[2020/04/15 08:39:44] Total 250 files processed
[INFO]-[2020/04/15 08:39:44] Total 300 files processed
[INFO]-[2020/04/15 08:39:44] Total 300 files processed
[INFO]-[2020/04/15 08:39:45] Total 350 files processed
[INFO]-[2020/04/15 08:39:45] Total 350 files processed
[INFO]-[2020/04/15 08:39:46] Total 400 files processed
[INFO]-[2020/04/15 08:39:46] Total 400 files processed
[INFO]-[2020/04/15 08:39:46] Total 450 files processed
[INFO]-[2020/04/15 08:39:46] Total 450 files processed
[INFO]-[2020/04/15 08:39:47] Total 500 files processed
[INFO]-[2020/04/15 08:39:47] Total 500 files processed
[INFO]-[2020/04/15 08:39:49] Total 550 files processed
[INFO]-[2020/04/15 08:39:49] Total 550 files processed
[INFO]-[2020/04/15 08:39:50] Total 600 files processed
[INFO]-[2020/04/15 08:39:50] Total 600 files processed
[INFO]-[2020/04/15 08:39:51] Total 650 files processed
[INFO]-[2020/04/15 08:39:51] Total 650 files processed
[INFO]-[2020/04/15 08:39:52] Total 700 files processed
[INFO]-[2020/04/15 08:39:52] Total 700 files processed
[INFO]-[2020/04/15 08:39:53] Total 750 files processed
[INFO]-[2020/04/15 08:39:53] Total 750 files processed
[INFO]-[2020/04/15 08:39:54] Total 800 files processed
[INFO]-[2020/04/15 08:39:54] Total 800 files processed
[INFO]-[2020/04/15 08:39:55] Total 850 files processed
[INFO]-[2020/04/15 08:39:55] Total 850 files processed
[INFO]-[2020/04/15 08:39:56] Total 900 files processed
[INFO]-[2020/04/15 08:39:56] Total 900 files processed
[INFO]-[2020/04/15 08:39:57] Total 950 files processed
[INFO]-[2020/04/15 08:39:57] Total 950 files processed
[INFO]-[2020/04/15 08:39:58] Total 1000 files processed
[INFO]-[2020/04/15 08:39:58] Total 1000 files processed
[INFO]-[2020/04/15 08:40:00] Total 1050 files processed
[INFO]-[2020/04/15 08:40:00] Total 1050 files processed
[INFO]-[2020/04/15 08:40:01] Total 1100 files processed
[INFO]-[2020/04/15 08:40:01] Total 1100 files processed
[INFO]-[2020/04/15 08:40:02] Total 1150 files processed
[INFO]-[2020/04/15 08:40:02] Total 1150 files processed
[INFO]-[2020/04/15 08:40:03] Total 1200 files processed
[INFO]-[2020/04/15 08:40:03] Total 1200 files processed
[INFO]-[2020/04/15 08:40:04] Total 1250 files processed
[INFO]-[2020/04/15 08:40:04] Total 1250 files processed
[INFO]-[2020/04/15 08:40:05] Total 1300 files processed
[INFO]-[2020/04/15 08:40:05] Total 1300 files processed
[INFO]-[2020/04/15 08:40:06] Total 1350 files processed
[INFO]-[2020/04/15 08:40:06] Total 1350 files processed
[INFO]-[2020/04/15 08:40:07] Total 1400 files processed
[INFO]-[2020/04/15 08:40:07] Total 1400 files processed
[INFO]-[2020/04/15 08:40:08] Total 1450 files processed
[INFO]-[2020/04/15 08:40:08] Total 1450 files processed
[INFO]-[2020/04/15 08:40:09] Total 1500 files processed
[INFO]-[2020/04/15 08:40:09] Total 1500 files processed
[INFO]-[2020/04/15 08:40:10] Total 1550 files processed
[INFO]-[2020/04/15 08:40:10] Total 1550 files processed
[INFO]-[2020/04/15 08:40:11] Total 1600 files processed
[INFO]-[2020/04/15 08:40:11] Total 1600 files processed
[INFO]-[2020/04/15 08:40:12] Total 1650 files processed
[INFO]-[2020/04/15 08:40:12] Total 1650 files processed
[INFO]-[2020/04/15 08:40:14] Total 1700 files processed
[INFO]-[2020/04/15 08:40:14] Total 1700 files processed
[INFO]-[2020/04/15 08:40:15] Total 1750 files processed
[INFO]-[2020/04/15 08:40:15] Total 1750 files processed
[INFO]-[2020/04/15 08:40:16] Total 1800 files processed
[INFO]-[2020/04/15 08:40:16] Total 1800 files processed
[INFO]-[2020/04/15 08:40:17] Total 1850 files processed
[INFO]-[2020/04/15 08:40:17] Total 1850 files processed
[INFO]-[2020/04/15 08:40:18] Total 1900 files processed
[INFO]-[2020/04/15 08:40:18] Total 1900 files processed
[INFO]-[2020/04/15 08:40:19] Total 1950 files processed
[INFO]-[2020/04/15 08:40:19] Total 1950 files processed
[INFO]-[2020/04/15 08:40:20] Total 2000 files processed
[INFO]-[2020/04/15 08:40:20] Total 2000 files processed
[INFO]-[2020/04/15 08:40:21] Total 2050 files processed
[INFO]-[2020/04/15 08:40:21] Total 2050 files processed
[INFO]-[2020/04/15 08:40:22] Total 2100 files processed
[INFO]-[2020/04/15 08:40:22] Total 2100 files processed
[INFO]-[2020/04/15 08:40:23] Total 2150 files processed
[INFO]-[2020/04/15 08:40:23] Total 2150 files processed
[INFO]-[2020/04/15 08:40:25] Total 2200 files processed
[INFO]-[2020/04/15 08:40:25] Total 2200 files processed
[INFO]-[2020/04/15 08:40:26] Total 2250 files processed
[INFO]-[2020/04/15 08:40:26] Total 2250 files processed
[INFO]-[2020/04/15 08:40:27] Total 2300 files processed
[INFO]-[2020/04/15 08:40:27] Total 2300 files processed
[INFO]-[2020/04/15 08:40:28] Total 2350 files processed
[INFO]-[2020/04/15 08:40:28] Total 2350 files processed
[INFO]-[2020/04/15 08:40:29] Total 2400 files processed
[INFO]-[2020/04/15 08:40:29] Total 2400 files processed
[INFO]-[2020/04/15 08:40:30] Total 2450 files processed
[INFO]-[2020/04/15 08:40:30] Total 2450 files processed
[INFO]-[2020/04/15 08:40:31] Total 2500 files processed
[INFO]-[2020/04/15 08:40:31] Total 2500 files processed
[INFO]-[2020/04/15 08:40:32] Total 2550 files processed
[INFO]-[2020/04/15 08:40:32] Total 2550 files processed
[INFO]-[2020/04/15 08:40:33] Total 2600 files processed
[INFO]-[2020/04/15 08:40:33] Total 2600 files processed
[INFO]-[2020/04/15 08:40:34] Total 2650 files processed
[INFO]-[2020/04/15 08:40:34] Total 2650 files processed
[INFO]-[2020/04/15 08:40:35] Total 2700 files processed
[INFO]-[2020/04/15 08:40:35] Total 2700 files processed
[INFO]-[2020/04/15 08:40:36] Total 2750 files processed
[INFO]-[2020/04/15 08:40:36] Total 2750 files processed
[INFO]-[2020/04/15 08:40:37] Total 2800 files processed
[INFO]-[2020/04/15 08:40:37] Total 2800 files processed
[INFO]-[2020/04/15 08:40:38] Total 2850 files processed
[INFO]-[2020/04/15 08:40:38] Total 2850 files processed
[INFO]-[2020/04/15 08:40:40] Total 2900 files processed
[INFO]-[2020/04/15 08:40:40] Total 2900 files processed
[INFO]-[2020/04/15 08:40:41] Total 2950 files processed
[INFO]-[2020/04/15 08:40:41] Total 2950 files processed
[INFO]-[2020/04/15 08:40:42] Total 3000 files processed
[INFO]-[2020/04/15 08:40:42] Total 3000 files processed
[INFO]-[2020/04/15 08:40:43] Total 3050 files processed
[INFO]-[2020/04/15 08:40:43] Total 3050 files processed
[INFO]-[2020/04/15 08:40:44] Total 3100 files processed
[INFO]-[2020/04/15 08:40:44] Total 3100 files processed
[INFO]-[2020/04/15 08:40:45] Total 3150 files processed
[INFO]-[2020/04/15 08:40:45] Total 3150 files processed
[INFO]-[2020/04/15 08:40:46] Total 3200 files processed
[INFO]-[2020/04/15 08:40:46] Total 3200 files processed
[INFO]-[2020/04/15 08:40:47] Total 3250 files processed
[INFO]-[2020/04/15 08:40:47] Total 3250 files processed
[INFO]-[2020/04/15 08:40:48] Total 3300 files processed
[INFO]-[2020/04/15 08:40:48] Total 3300 files processed
[INFO]-[2020/04/15 08:40:50] Total 3350 files processed
[INFO]-[2020/04/15 08:40:50] Total 3350 files processed
[INFO]-[2020/04/15 08:40:51] Total 3400 files processed
[INFO]-[2020/04/15 08:40:51] Total 3400 files processed
[INFO]-[2020/04/15 08:40:53] Total 3450 files processed
[INFO]-[2020/04/15 08:40:53] Total 3450 files processed
[INFO]-[2020/04/15 08:40:54] Total 3500 files processed
[INFO]-[2020/04/15 08:40:54] Total 3500 files processed
[INFO]-[2020/04/15 08:40:55] Total 3550 files processed
[INFO]-[2020/04/15 08:40:55] Total 3550 files processed
[INFO]-[2020/04/15 08:40:56] Total 3600 files processed
[INFO]-[2020/04/15 08:40:56] Total 3600 files processed
[INFO]-[2020/04/15 08:40:57] Total 3650 files processed
[INFO]-[2020/04/15 08:40:57] Total 3650 files processed
[INFO]-[2020/04/15 08:40:58] Total 3700 files processed
[INFO]-[2020/04/15 08:40:58] Total 3700 files processed
[INFO]-[2020/04/15 08:40:59] Total 3750 files processed
[INFO]-[2020/04/15 08:40:59] Total 3750 files processed
[INFO]-[2020/04/15 08:41:00] Total 3800 files processed
[INFO]-[2020/04/15 08:41:00] Total 3800 files processed
[INFO]-[2020/04/15 08:41:01] Total 3850 files processed
[INFO]-[2020/04/15 08:41:01] Total 3850 files processed
[INFO]-[2020/04/15 08:41:02] Total 3900 files processed
[INFO]-[2020/04/15 08:41:02] Total 3900 files processed
[INFO]-[2020/04/15 08:41:03] Total 3950 files processed
[INFO]-[2020/04/15 08:41:03] Total 3950 files processed
[INFO]-[2020/04/15 08:41:04] Total 4000 files processed
[INFO]-[2020/04/15 08:41:04] Total 4000 files processed
[INFO]-[2020/04/15 08:41:06] Total 4050 files processed
[INFO]-[2020/04/15 08:41:06] Total 4050 files processed
[INFO]-[2020/04/15 08:41:08] Total 4100 files processed
[INFO]-[2020/04/15 08:41:08] Total 4100 files processed
[INFO]-[2020/04/15 08:41:09] Total 4150 files processed
[INFO]-[2020/04/15 08:41:09] Total 4150 files processed
[INFO]-[2020/04/15 08:41:10] Total 4200 files processed
[INFO]-[2020/04/15 08:41:10] Total 4200 files processed
[INFO]-[2020/04/15 08:41:10] Total 4250 files processed
[INFO]-[2020/04/15 08:41:10] Total 4250 files processed
[INFO]-[2020/04/15 08:41:11] Total 4300 files processed
[INFO]-[2020/04/15 08:41:11] Total 4300 files processed
[INFO]-[2020/04/15 08:41:12] Total 4350 files processed
[INFO]-[2020/04/15 08:41:12] Total 4350 files processed
[INFO]-[2020/04/15 08:41:13] Total 4400 files processed
[INFO]-[2020/04/15 08:41:13] Total 4400 files processed
[INFO]-[2020/04/15 08:41:13] Total 4450 files processed
[INFO]-[2020/04/15 08:41:13] Total 4450 files processed
[WARNING]-[2020/04/15 08:41:14] File doesn't exist /var/www/html/wordpress/
[WARNING]-[2020/04/15 08:41:14] File doesn't exist /var/www/html/wordpress/
[INFO]-[2020/04/15 08:41:15] Copying files finished
[INFO]-[2020/04/15 08:41:15] Copying files finished
[INFO]-[2020/04/15 08:41:15] Preparing Data Step0: Copy wp-config.php file
[INFO]-[2020/04/15 08:41:15] Preparing Data Step0: Copy wp-config.php file
[INFO]-[2020/04/15 08:41:16] Preparing Data Step1: Updating siteurl and homeurl in wpstg0_options 
[INFO]-[2020/04/15 08:41:16] Preparing Data Step1: Updating siteurl and homeurl to http://192.168.8.115/-consulting
[INFO]-[2020/04/15 08:41:16] Preparing Data Step1: Updating siteurl and homeurl in wpstg0_options 
[INFO]-[2020/04/15 08:41:16] Preparing Data Step1: Updating siteurl and homeurl to http://192.168.8.115/-consulting
[INFO]-[2020/04/15 08:41:17] Preparing Data Step2: Updating row wpstg_is_staging_site in wpstg0_options 
[INFO]-[2020/04/15 08:41:17] Preparing Data Step2: Successful
[INFO]-[2020/04/15 08:41:17] Preparing Data Step2: Updating row wpstg_is_staging_site in wpstg0_options 
[INFO]-[2020/04/15 08:41:17] Preparing Data Step2: Successful
[INFO]-[2020/04/15 08:41:17] Preparing Data Step3: Updating rewrite_rules in wpstg0_options 
[INFO]-[2020/04/15 08:41:17] Preparing Data Step3: Updating rewrite_rules in wpstg0_options 
[INFO]-[2020/04/15 08:41:18] Preparing Data Step4: Updating db prefix in wpstg0_usermeta. 
[INFO]-[2020/04/15 08:41:18] Preparing Data Step4: Updating db prefix in wpstg0_usermeta. 
[INFO]-[2020/04/15 08:41:18] Preparing Data Step5: Updating table_prefix in /var/www/html/wordpress/-consulting/wp-config.php to wpstg0_
[INFO]-[2020/04/15 08:41:18] Preparing Data Step5: Updating table_prefix in /var/www/html/wordpress/-consulting/wp-config.php to wpstg0_
[INFO]-[2020/04/15 08:41:19] Preparing Data Step6: WP installation is not in a subdirectory! Skipping this step
[INFO]-[2020/04/15 08:41:19] Preparing Data Step6: WP installation is not in a subdirectory! Skipping this step
[INFO]-[2020/04/15 08:41:19] Preparing Data Step7: Updating wpstg_rmpermalinks_executed in wpstg0_options 
[INFO]-[2020/04/15 08:41:19] Preparing Data Step7: Finished successfully
[INFO]-[2020/04/15 08:41:19] Preparing Data Step7: Updating wpstg_rmpermalinks_executed in wpstg0_options 
[INFO]-[2020/04/15 08:41:19] Preparing Data Step7: Finished successfully
[INFO]-[2020/04/15 08:41:20] Preparing Data Step8: Updating permalink_structure in wpstg0_options 
[INFO]-[2020/04/15 08:41:20] Preparing Data Step8: Finished successfully
[INFO]-[2020/04/15 08:41:20] Preparing Data Step8: Updating permalink_structure in wpstg0_options 
[INFO]-[2020/04/15 08:41:20] Preparing Data Step8: Finished successfully
[INFO]-[2020/04/15 08:41:21] Preparing Data Step9: Set staging site to noindex
[INFO]-[2020/04/15 08:41:21] Preparing Data Step9: Finished successfully
[INFO]-[2020/04/15 08:41:21] Preparing Data Step9: Set staging site to noindex
[INFO]-[2020/04/15 08:41:21] Preparing Data Step9: Finished successfully
[INFO]-[2020/04/15 08:41:22] Preparing Data Step10: Updating WP_HOME in wp-config.php to http://192.168.8.115/-consulting
[INFO]-[2020/04/15 08:41:22] Preparing Data Step10: WP_HOME not defined in wp-config.php. Skipping this step.
[INFO]-[2020/04/15 08:41:22] Preparing Data Step10: Finished successfully
[INFO]-[2020/04/15 08:41:22] Preparing Data Step10: Updating WP_HOME in wp-config.php to http://192.168.8.115/-consulting
[INFO]-[2020/04/15 08:41:22] Preparing Data Step10: WP_HOME not defined in wp-config.php. Skipping this step.
[INFO]-[2020/04/15 08:41:22] Preparing Data Step10: Finished successfully
[INFO]-[2020/04/15 08:41:23] Preparing Data Step11: Updating WP_SITEURL in wp-config.php to http://192.168.8.115/-consulting
[INFO]-[2020/04/15 08:41:23] Preparing Data Step11: WP_SITEURL not defined in wp-config.php. Skipping this step.
[INFO]-[2020/04/15 08:41:23] Preparing Data Step11: Finished successfully
[INFO]-[2020/04/15 08:41:23] Preparing Data Step11: Updating WP_SITEURL in wp-config.php to http://192.168.8.115/-consulting
[INFO]-[2020/04/15 08:41:23] Preparing Data Step11: WP_SITEURL not defined in wp-config.php. Skipping this step.
[INFO]-[2020/04/15 08:41:23] Preparing Data Step11: Finished successfully
[INFO]-[2020/04/15 08:41:24] Preparing Data Step12: Updating db prefix in wpstg0_options.
[INFO]-[2020/04/15 08:41:24] Preparing Data Step12: Skip (custom filtered):   AND option_name <> 'wp_mail_smtp' AND option_name <> 'wp_mail_smtp_version' AND option_name <> 'wp_mail_smtp_debug'
[INFO]-[2020/04/15 08:41:24] Preparing Data Step12: Finished successfully
[INFO]-[2020/04/15 08:41:24] Preparing Data Step12: Updating db prefix in wpstg0_options.
[INFO]-[2020/04/15 08:41:24] Preparing Data Step12: Skip (custom filtered):   AND option_name <> 'wp_mail_smtp' AND option_name <> 'wp_mail_smtp_version' AND option_name <> 'wp_mail_smtp_debug'
[INFO]-[2020/04/15 08:41:24] Preparing Data Step12: Finished successfully
[INFO]-[2020/04/15 08:41:25] Preparing Data Step13: Updating upload_path wpstg0_options.
[INFO]-[2020/04/15 08:41:25] Preparing Data Step13: Skipped
[INFO]-[2020/04/15 08:41:25] Preparing Data Step13: Updating upload_path wpstg0_options.
[INFO]-[2020/04/15 08:41:25] Preparing Data Step13: Skipped
[INFO]-[2020/04/15 08:41:26] Preparing Data Step14: Set WP_CACHE in wp-config.php to false
[INFO]-[2020/04/15 08:41:26] Preparing Data Step14: WP_CACHE not defined in wp-config.php. Skipping this step.
[INFO]-[2020/04/15 08:41:26] Preparing Data Step14: Finished successfully
[INFO]-[2020/04/15 08:41:26] Preparing Data Step14: Set WP_CACHE in wp-config.php to false
[INFO]-[2020/04/15 08:41:26] Preparing Data Step14: WP_CACHE not defined in wp-config.php. Skipping this step.
[INFO]-[2020/04/15 08:41:26] Preparing Data Step14: Finished successfully
[INFO]-[2020/04/15 08:41:27] Preparing Data Step15: Set WP_CONTENT_DIR in wp-config.php to false
[INFO]-[2020/04/15 08:41:27] Preparing Data Step15: WP_CONTENT_DIR not defined in wp-config.php. Skipping this step.
[INFO]-[2020/04/15 08:41:27] Preparing Data Step15: Finished successfully
[INFO]-[2020/04/15 08:41:27] Preparing Data Step15: Set WP_CONTENT_DIR in wp-config.php to false
[INFO]-[2020/04/15 08:41:27] Preparing Data Step15: WP_CONTENT_DIR not defined in wp-config.php. Skipping this step.
[INFO]-[2020/04/15 08:41:27] Preparing Data Step15: Finished successfully
[INFO]-[2020/04/15 08:41:28] Preparing Data Step16: Set WP_CONTENT_URL in wp-config.php to false
[INFO]-[2020/04/15 08:41:28] Preparing Data Step16: WP_CONTENT_URL not defined in wp-config.php. Skipping this step.
[INFO]-[2020/04/15 08:41:28] Preparing Data Step16: Finished successfully
[INFO]-[2020/04/15 08:41:28] Preparing Data Step16: Set WP_CONTENT_URL in wp-config.php to false
[INFO]-[2020/04/15 08:41:28] Preparing Data Step16: WP_CONTENT_URL not defined in wp-config.php. Skipping this step.
[INFO]-[2020/04/15 08:41:28] Preparing Data Step16: Finished successfully
[INFO]-[2020/04/15 08:41:29] Preparing Data Step17: Update UPLOADS constant in wp-config.php
[INFO]-[2020/04/15 08:41:29] Preparing Data Step17: UPLOADS not defined in wp-config.php. Creating new entry.
[INFO]-[2020/04/15 08:41:29] Preparing Data Step17: Finished successfully
[INFO]-[2020/04/15 08:41:29] Preparing Data Step17: Update UPLOADS constant in wp-config.php
[INFO]-[2020/04/15 08:41:29] Preparing Data Step17: UPLOADS not defined in wp-config.php. Creating new entry.
[INFO]-[2020/04/15 08:41:29] Preparing Data Step17: Finished successfully
[]-[] 
[]-[] 
[]-[] 
[]-[] 
[]-[] 
[]-[] 
[INFO]-[2020/04/15 08:41:33] Finish: Deleting clone job's cache files...
[INFO]-[2020/04/15 08:41:33] Finish: Clone job's cache files have been deleted!
[INFO]-[2020/04/15 08:41:33] Finish: Verifying existing clones...
[INFO]-[2020/04/15 08:41:33] Finish: The job finished!
[INFO]-[2020/04/15 08:41:33] Finish: Deleting clone job's cache files...
[INFO]-[2020/04/15 08:41:33] Finish: Clone job's cache files have been deleted!
[INFO]-[2020/04/15 08:41:33] Finish: Verifying existing clones...
[INFO]-[2020/04/15 08:41:33] Finish: The job finished!
